<?xml version="1.0" encoding="UTF-8"?>
<testng-results ignored="0" total="2" passed="2" failed="0" skipped="0">
  <reporter-output>
  </reporter-output>
  <suite started-at="2023-03-05T22:22:03 EST" name="Default suite" finished-at="2023-03-05T22:22:03 EST" duration-ms="20">
    <groups>
    </groups>
    <test started-at="2023-03-05T22:22:03 EST" name="Default test" finished-at="2023-03-05T22:22:03 EST" duration-ms="20">
      <class name="testNG.TestNg_Demo">
        <test-method signature="SecondTest()[pri:0, instance:testNG.TestNg_Demo@7ce3cb8e]" started-at="2023-03-05T22:22:03 EST" name="SecondTest" finished-at="2023-03-05T22:22:03 EST" duration-ms="4" status="PASS">
          <reporter-output>
          </reporter-output>
        </test-method> <!-- SecondTest -->
        <test-method signature="demo()[pri:0, instance:testNG.TestNg_Demo@7ce3cb8e]" started-at="2023-03-05T22:22:03 EST" name="demo" finished-at="2023-03-05T22:22:03 EST" duration-ms="1" status="PASS">
          <reporter-output>
          </reporter-output>
        </test-method> <!-- demo -->
      </class> <!-- testNG.TestNg_Demo -->
    </test> <!-- Default test -->
  </suite> <!-- Default suite -->
</testng-results>
