<?xml version="1.0" encoding="UTF-8"?>
<testng-results ignored="0" total="1" passed="1" failed="0" skipped="0">
  <reporter-output>
  </reporter-output>
  <suite started-at="2023-03-14T19:59:52 EDT" name="Default suite" finished-at="2023-03-14T19:59:52 EDT" duration-ms="21">
    <groups>
    </groups>
    <test started-at="2023-03-14T19:59:52 EDT" name="Default test" finished-at="2023-03-14T19:59:52 EDT" duration-ms="21">
      <class name="JavaStreams_LambdaExpressions.CountNumbersNamesAlphabetwise_withStreamsFilter">
        <test-method signature="regular()[pri:0, instance:JavaStreams_LambdaExpressions.CountNumbersNamesAlphabetwise_withStreamsFilter@5bd03f44]" started-at="2023-03-14T19:59:52 EDT" name="regular" finished-at="2023-03-14T19:59:52 EDT" duration-ms="5" status="PASS">
          <reporter-output>
          </reporter-output>
        </test-method> <!-- regular -->
      </class> <!-- JavaStreams_LambdaExpressions.CountNumbersNamesAlphabetwise_withStreamsFilter -->
    </test> <!-- Default test -->
  </suite> <!-- Default suite -->
</testng-results>
