<?xml version="1.0" encoding="UTF-8"?>
<!-- Generated by org.testng.reporters.JUnitXMLReporter -->
<testsuite ignored="0" hostname="Archanas-Air.phub.net.cable.rogers.com" failures="0" tests="3" name="Default test" time="0.026" errors="0" timestamp="2023-03-15T13:58:05 EDT">
  <testcase classname="JavaStreams_LambdaExpressions.CountNumbersNamesAlphabetwise_withStreamsFilter" name="streamCollect" time="0.003"/>
  <testcase classname="JavaStreams_LambdaExpressions.CountNumbersNamesAlphabetwise_withStreamsFilter" name="streamMergeArrayList" time="0.001"/>
  <testcase classname="JavaStreams_LambdaExpressions.CountNumbersNamesAlphabetwise_withStreamsFilter" name="streamUniqueNumber" time="0.001"/>
</testsuite> <!-- Default test -->
